0 info it worked if it ends with ok
1 verbose cli [ '/Users/copple/.nvm/versions/node/v6.10.3/bin/node',
1 verbose cli   '/Users/copple/.nvm/versions/node/v6.10.3/bin/npm',
1 verbose cli   'run',
1 verbose cli   'images' ]
2 info using npm@3.10.10
3 info using node@v6.10.3
4 verbose run-script [ 'preimages', 'images', 'postimages' ]
5 info lifecycle exaquark-hugo@1.0.0~preimages: exaquark-hugo@1.0.0
6 silly lifecycle exaquark-hugo@1.0.0~preimages: no script for preimages, continuing
7 info lifecycle exaquark-hugo@1.0.0~images: exaquark-hugo@1.0.0
8 verbose lifecycle exaquark-hugo@1.0.0~images: unsafe-perm in lifecycle true
9 verbose lifecycle exaquark-hugo@1.0.0~images: PATH: /Users/copple/.nvm/versions/node/v6.10.3/lib/node_modules/npm/bin/node-gyp-bin:/Users/copple/Documents/Projects/Kade/driffft.com/node_modules/.bin:/Users/copple/.nvm/versions/node/v6.10.3/bin:/usr/local/mysql/bin:/Users/copple/anaconda/bin:/usr/local/bin:/usr/bin:/bin:/usr/sbin:/sbin:/Applications/Postgres.app/Contents/Versions/latest/bin:/Library/TeX/texbin
10 verbose lifecycle exaquark-hugo@1.0.0~images: CWD: /Users/copple/Documents/Projects/Kade/driffft.com
11 silly lifecycle exaquark-hugo@1.0.0~images: Args: [ '-c', 'node ./optimiseImages.js' ]
12 silly lifecycle exaquark-hugo@1.0.0~images: Returned: code: 1  signal: null
13 info lifecycle exaquark-hugo@1.0.0~images: Failed to exec images script
14 verbose stack Error: exaquark-hugo@1.0.0 images: `node ./optimiseImages.js`
14 verbose stack Exit status 1
14 verbose stack     at EventEmitter.<anonymous> (/Users/copple/.nvm/versions/node/v6.10.3/lib/node_modules/npm/lib/utils/lifecycle.js:255:16)
14 verbose stack     at emitTwo (events.js:106:13)
14 verbose stack     at EventEmitter.emit (events.js:191:7)
14 verbose stack     at ChildProcess.<anonymous> (/Users/copple/.nvm/versions/node/v6.10.3/lib/node_modules/npm/lib/utils/spawn.js:40:14)
14 verbose stack     at emitTwo (events.js:106:13)
14 verbose stack     at ChildProcess.emit (events.js:191:7)
14 verbose stack     at maybeClose (internal/child_process.js:886:16)
14 verbose stack     at Process.ChildProcess._handle.onexit (internal/child_process.js:226:5)
15 verbose pkgid exaquark-hugo@1.0.0
16 verbose cwd /Users/copple/Documents/Projects/Kade/driffft.com
17 error Darwin 16.7.0
18 error argv "/Users/copple/.nvm/versions/node/v6.10.3/bin/node" "/Users/copple/.nvm/versions/node/v6.10.3/bin/npm" "run" "images"
19 error node v6.10.3
20 error npm  v3.10.10
21 error code ELIFECYCLE
22 error exaquark-hugo@1.0.0 images: `node ./optimiseImages.js`
22 error Exit status 1
23 error Failed at the exaquark-hugo@1.0.0 images script 'node ./optimiseImages.js'.
23 error Make sure you have the latest version of node.js and npm installed.
23 error If you do, this is most likely a problem with the exaquark-hugo package,
23 error not with npm itself.
23 error Tell the author that this fails on your system:
23 error     node ./optimiseImages.js
23 error You can get information on how to open an issue for this project with:
23 error     npm bugs exaquark-hugo
23 error Or if that isn't available, you can get their info via:
23 error     npm owner ls exaquark-hugo
23 error There is likely additional logging output above.
24 verbose exit [ 1, true ]
